<?xml version="1.0" encoding="UTF-8"?>
<!-- Generated by org.testng.reporters.JUnitReportReporter -->
<testsuite hostname="hp-PC" failures="0" tests="2" name="driver.FrameworkWithExcelSheet" time="0.023" errors="0" timestamp="17 Dec 2017 16:33:49 GMT">
  <testcase classname="driver.FrameworkWithExcelSheet" name="Testmethod1" time="0.016"/>
  <testcase classname="driver.FrameworkWithExcelSheet" name="Testmethod1" time="0.007"/>
</testsuite> <!-- driver.FrameworkWithExcelSheet -->
