<?xml version="1.0" encoding="UTF-8"?>
<!-- Generated by org.testng.reporters.JUnitReportReporter -->
<testsuite hostname="hp-PC" name="Com.Maven.New.Selenium.TestClass" tests="1" failures="0" timestamp="23 Sep 2017 07:45:20 GMT" time="0.045" errors="0">
  <testcase name="testmethod" time="0.045" classname="Com.Maven.New.Selenium.TestClass"/>
</testsuite> <!-- Com.Maven.New.Selenium.TestClass -->
