<?xml version="1.0" encoding="UTF-8"?>
<!-- Generated by org.testng.reporters.JUnitReportReporter -->
<testsuite skipped="0" hostname="hp-PC" name="driver.DriverClass" tests="1" failures="0" timestamp="23 Sep 2017 08:30:06 GMT" time="0.026" errors="0">
  <testcase name="method" time="0.026" classname="driver.DriverClass"/>
</testsuite> <!-- driver.DriverClass -->
